Unity Player [version: Unity 5.5.0f3_38b4efef76f0]

test.exe caused an Access Violation (0xc0000005)
  in module test.exe at 0023:005ae7c9.

Error occurred at 2017-11-10_112202.
C:\Users\harry\Source\Repos\Assignment---Survival-Shooter\test.exe, run by Ombii.
47% memory in use.
0 MB physical memory [0 MB free].
0 MB paging file [0 MB free].
0 MB user address space [3750 MB free].
Read from location 0000001c caused an access violation.

Context:
EDI:    0x03a03510  ESI: 0x03a03510  EAX:   0x00000000
EBX:    0x00000000  ECX: 0x000014f4  EDX:   0x00000484
EIP:    0x005ae7c9  EBP: 0x018ffae4  SegCs: 0x00000023
EFlags: 0x00210246  ESP: 0x018ffabc  SegSs: 0x0000002b

Bytes at CS:EIP:
83 7b 1c 00 74 52 56 8b cf e8 29 f6 ff ff 8b 43 

Stack:
0x018ffabc: 03f0de20 00000000 005ae8ac 00000032  .........Z.2...
0x018ffacc: 03a03510 005ad33b 00000004 00000003 .5..;.Z.........
0x018ffadc: 01409814 014097f0 018ffb48 005ad959 ..@...@.H...Y.Z.
0x018ffaec: 00000004 00000032 0042493b 00000010 ....2...;IB.....
0x018ffafc: 00000000 00000000 00584d03 005700bf .........MX...W.
0x018ffb0c: 00000000 00000000 00000000 00000000 ................
0x018ffb1c: 65726170 5748746e 0000444e 0000002f parentHWND../...
0x018ffb2c: 0000000a 0000000f 0065646f 00000000 ........ode.....
0x018ffb3c: 00ca0000 03a1bad0 00000001 018ffc84 ................
0x018ffb4c: 00a77d35 00000000 00b4fe0b 00000000 5}..............
0x018ffb5c: 017cc000 039f7bc0 01c0003f 000001ff ..|..{..?.......
0x018ffb6c: 00000000 0000004c 0000004f 00001fff ....L...O.......
0x018ffb7c: 03a0bb50 7fffffff 018ffbb4 00b6e6c0 P...............
0x018ffb8c: 00000051 0000005f 0000000f 0000000f Q..._...........
0x018ffb9c: 7fffffff 00000000 013e0a80 02011698 ..........>.....
0x018ffbac: 0000000f 018ffb00 018ffbe4 00b6c00c ................
0x018ffbbc: 02011ee8 01352d48 0000000f 018ffbd4 ....H-5.........
0x018ffbcc: 7fffffff 03a0bd30 013e0a80 02011698 ....0.....>.....
0x018ffbdc: 020105a8 00000052 0000005f 00b5d3be ....R..._.......
0x018ffbec: 039f7cb0 01352d48 0000000f 00000000 .|..H-5.........
0x018ffbfc: 00000043 0000004f 018ffb40 616e614d C...O...@...Mana
0x018ffc0c: 00646567 6c65746e 00000000 00000007 ged.ntel........
0x018ffc1c: 0000000f 01352d48 039f3b90 039f3bc8 ....H-5..;...;..
0x018ffc2c: 039f3bc8 0000000d 01ed1ec0 6f6e6f4d .;..........Mono
0x018ffc3c: 6e6f6d2f 6c642e6f 018f006c 0000000d /mono.dll.......
0x018ffc4c: 0000000f 00000000 00000000 00000000 ................
0x018ffc5c: 018ffc74 00b4a1c0 01bd35eb 00000000 t........5......
0x018ffc6c: 0000000f 00000000 01ed1ec0 01ed1f00 ................
0x018ffc7c: 00000000 06100801 018ffc9c 00b174f8 .............t..
0x018ffc8c: 003c0000 00000000 01bd35ed 00000001 ..<......5......
0x018ffc9c: 018ffd2c 00b4fdb8 003c0000 00000000 ,.........<.....
0x018ffcac: 01bd35ed 00000001 c98f8f38 00b4fe0b .5......8.......
0x018ffcbc: 00b4fe0b 017cc000 00000044 01bd1ecc ......|.D.......
0x018ffccc: 01bd1eac 01bd1e26 00000000 00000000 ....&...........
0x018ffcdc: 00000000 00000000 00000000 00000000 ................
0x018ffcec: 00000000 00000401 00000001 00000000 ................
0x018ffcfc: 00000000 00010001 00000000 c0000005 ................
0x018ffd0c: 00b4fe0b 00000000 018ffcb4 018ff144 ............D...
0x018ffd1c: 018ffd78 00b51710 c93c65bc 00000000 x........e<.....
0x018ffd2c: 018ffd40 75ba8744 017cc000 75ba8720 @...D..u..|. ..u
0x018ffd3c: ed7193dc 018ffd88 76fb582d 017cc000 ..q.....-X.v..|.
0x018ffd4c: f921178d 00000000 00000000 017cc000 ..!...........|.
0x018ffd5c: c0000005 00000000 018ff120 760ea1b0 ........ ......v
0x018ffd6c: f921178d 018ffd4c 018ff120 018ffd90 ..!.L... .......
0x018ffd7c: 76fc9fd0 8fabeb45 00000000 018ffd98 ...vE...........
0x018ffd8c: 76fb57fd ffffffff 76fd636a 00000000 .W.v....jc.v....
0x018ffd9c: 00000000 00b4fe0b 017cc000 00000000 ..........|.....
0x018ffdac: 00000000 00000000 00000000 00000000 ................
0x018ffdbc: 00000000 00000000 00000000 00000000 ................
0x018ffdcc: 00000000 00000000 00000000 00000000 ................
0x018ffddc: 00000000 00000000 00000000 00000000 ................
0x018ffdec: 00000000 00000000 00000000 00000000 ................
0x018ffdfc: 00000000 00000000 00000000 00000000 ................
0x018ffe0c: 00000000 00000000 00000000 00000000 ................
0x018ffe1c: 00000000 00000000 00000000 00000000 ................
0x018ffe2c: 00000000 00000000 00000000 00000000 ................
0x018ffe3c: 00000000 00000000 00000000 00000000 ................
0x018ffe4c: 00000000 00000000 00000000 00000000 ................
0x018ffe5c: 00000000 00000000 00000000 00000000 ................
0x018ffe6c: 00000000 00000000 00000000 00000000 ................
0x018ffe7c: 00000000 00000000 00000000 00000000 ................
0x018ffe8c: 00000000 00000000 00000000 00000000 ................
0x018ffe9c: 00000000 00000000 00000000 00000000 ................
0x018ffeac: 00000000 00000000 00000000 00000000 ................
0x018ffebc: 00000000 00000000 00000000 00000000 ................
0x018ffecc: 00000000 00000000 00000000 00000000 ................
0x018ffedc: 00000000 00000000 00000000 00000000 ................
0x018ffeec: 00000000 00000000 00000000 00000000 ................
0x018ffefc: 00000000 00000000 00000000 00000000 ................
0x018fff0c: 00000000 00000000 00000000 00000000 ................
0x018fff1c: 00000000 00000000 00000000 00000000 ................
0x018fff2c: 00000000 00000000 00000000 00000000 ................
0x018fff3c: 00000000 00000000 00000000 00000000 ................
0x018fff4c: 00000000 00000000 00000000 00000000 ................
0x018fff5c: 00000000 00000000 00000000 00000000 ................
0x018fff6c: 00000000 00000000 00000000 00000000 ................
0x018fff7c: 00000000 00000000 00000000 00000000 ................
0x018fff8c: 00000000 00000000 00000000 00000000 ................
0x018fff9c: 00000000 00000000 00000000 00000000 ................
0x018fffac: 00000000 00000000 00000000 00000000 ................
0x018fffbc: 00000000 00000000 00000000 00000000 ................
0x018fffcc: 00000000 00000000 00000000 00000000 ................
0x018fffdc: 00000000 00000000 00000000 00000000 ................
0x018fffec: 00000000 00000000 00000000 00000000 ................
0x018ffffc: 00000000                            ....

Module 1
C:\Users\harry\Source\Repos\Assignment---Survival-Shooter\test.exe
Image Base: 0x003c0000  Image Size: 0x0122e000
File Size:  18200576    File Time:  2016-11-25_014838
Version:
   Company:    
   Product:    
   FileDesc:   
   FileVer:    5.5.0.46319
   ProdVer:    5.5.0.46319

Module 2
C:\Users\harry\Source\Repos\Assignment---Survival-Shooter\test_Data\Mono\mono.dll
Image Base: 0x10000000  Image Size: 0x00231000
File Size:  2115008     File Time:  2016-11-25_020056
Version:
   Company:    Unity Technologies
   Product:    libmono
   FileDesc:   Unity Technologies fork of mono runtime
   FileVer:    1.0.0.1
   ProdVer:    1.0.0.1

Module 3
C:\WINDOWS\system32\wbem\fastprox.dll
Image Base: 0x64cf0000  Image Size: 0x000c0000
File Size:  770560      File Time:  2017-03-19_075852
Version:
   Company:    Microsoft Corporation
   Product:    Microsoft® Windows® Operating System
   FileDesc:   WMI Custom Marshaller
   FileVer:    10.0.15063.0
   ProdVer:    10.0.15063.0

Module 4
C:\WINDOWS\system32\wbem\wbemsvc.dll
Image Base: 0x66b50000  Image Size: 0x00010000
File Size:  48640       File Time:  2017-03-19_075850
Version:
   Company:    Microsoft Corporation
   Product:    Microsoft® Windows® Operating System
   FileDesc:   WMI
   FileVer:    10.0.15063.0
   ProdVer:    10.0.15063.0

Module 5
C:\WINDOWS\SYSTEM32\wbemcomn.dll
Image Base: 0x66b60000  Image Size: 0x00068000
File Size:  399360      File Time:  2017-03-19_075850
Version:
   Company:    Microsoft Corporation
   Product:    Microsoft® Windows® Operating System
   FileDesc:   WMI
   FileVer:    10.0.15063.0
   ProdVer:    10.0.15063.0

Module 6
C:\WINDOWS\system32\wbem\wbemprox.dll
Image Base: 0x66bd0000  Image Size: 0x0000d000
File Size:  35840       File Time:  2017-03-19_075850
Version:
   Company:    Microsoft Corporation
   Product:    Microsoft® Windows® Operating System
   FileDesc:   WMI
   FileVer:    10.0.15063.0
   ProdVer:    10.0.15063.0

Module 7
C:\WINDOWS\SYSTEM32\amdihk32.dll
Image Base: 0x682d0000  Image Size: 0x00020000
File Size:  127880      File Time:  2017-09-05_135832
Version:
   Company:    Advanced Micro Devices, Inc.
   Product:    AMD DVR Component
   FileDesc:   AMD DVR
   FileVer:    1.0.0.0
   ProdVer:    1.0.0.0

Module 8
C:\WINDOWS\System32\DriverStore\FileRepository\c0317685.inf_amd64_f4ed8f05a31c5d2d\atidxx32.dll
Image Base: 0x682f0000  Image Size: 0x00bf6000
File Size:  12495384    File Time:  2017-09-08_023732
Version:
   Company:    Advanced Micro Devices, Inc. 
   Product:    Advanced Micro Devices, Inc. Radeon DirectX 11 Driver
   FileDesc:   atidxx32.dll
   FileVer:    22.19.676.0
   ProdVer:    8.17.10.766

Module 9
C:\WINDOWS\System32\DriverStore\FileRepository\c0317685.inf_amd64_f4ed8f05a31c5d2d\atiuxpag.dll
Image Base: 0x68ef0000  Image Size: 0x0002a000
File Size:  172296      File Time:  2017-09-08_023738
Version:
   Company:    Advanced Micro Devices, Inc. 
   Product:    Advanced Micro Devices, Inc PowerXpress Vista DX10 User Mode Driver
   FileDesc:   atiuxpag.dll
   FileVer:    22.19.676.0
   ProdVer:    8.14.1.6558

Module 10
C:\WINDOWS\System32\DriverStore\FileRepository\c0317685.inf_amd64_f4ed8f05a31c5d2d\aticfx32.dll
Image Base: 0x68f20000  Image Size: 0x0017a000
File Size:  1555224     File Time:  2017-09-08_023732
Version:
   Company:    Advanced Micro Devices, Inc. 
   Product:    AMD Inc. Radeon DirectX 11 Driver
   FileDesc:   aticfx32.dll
   FileVer:    22.19.676.0
   ProdVer:    8.17.10.1571

Module 11
C:\WINDOWS\SYSTEM32\detoured.dll
Image Base: 0x69410000  Image Size: 0x00006000
File Size:  29720       File Time:  2017-09-08_023738
Version:
   Company:    Microsoft Corporation
   Product:    Microsoft Research Detours Package
   FileDesc:   Marks process modified by Detours technology.
   FileVer:    22.19.676.0
   ProdVer:    2.1.0.207

Module 12
C:\WINDOWS\SYSTEM32\ntmarta.dll
Image Base: 0x6bfc0000  Image Size: 0x00028000
File Size:  152440      File Time:  2017-03-19_075852
Version:
   Company:    Microsoft Corporation
   Product:    Microsoft® Windows® Operating System
   FileDesc:   Windows NT MARTA provider
   FileVer:    10.0.15063.0
   ProdVer:    10.0.15063.0

Module 13
C:\WINDOWS\SYSTEM32\DNSAPI.dll
Image Base: 0x6caa0000  Image Size: 0x0007f000
File Size:  508344      File Time:  2017-09-30_131054
Version:
   Company:    Microsoft Corporation
   Product:    Microsoft® Windows® Operating System
   FileDesc:   DNS Client API DLL
   FileVer:    10.0.15063.674
   ProdVer:    10.0.15063.674

Module 14
C:\WINDOWS\SYSTEM32\MSWSOCK.dll
Image Base: 0x6cb70000  Image Size: 0x0004e000
File Size:  305568      File Time:  2017-03-19_075846
Version:
   Company:    Microsoft Corporation
   Product:    Microsoft® Windows® Operating System
   FileDesc:   Microsoft Windows Sockets 2.0 Service Provider
   FileVer:    10.0.15063.0
   ProdVer:    10.0.15063.0

Module 15
C:\WINDOWS\SYSTEM32\WINHTTP.dll
Image Base: 0x6cbc0000  Image Size: 0x000ad000
File Size:  703056      File Time:  2017-09-05_154226
Version:
   Company:    Microsoft Corporation
   Product:    Microsoft® Windows® Operating System
   FileDesc:   Windows HTTP Services
   FileVer:    10.0.15063.608
   ProdVer:    10.0.15063.608

Module 16
C:\WINDOWS\SYSTEM32\dxgi.dll
Image Base: 0x6d6a0000  Image Size: 0x0008a000
File Size:  551200      File Time:  2017-07-28_154046
Version:
   Company:    Microsoft Corporation
   Product:    Microsoft® Windows® Operating System
   FileDesc:   DirectX Graphics Infrastructure
   FileVer:    10.0.15063.502
   ProdVer:    10.0.15063.502

Module 17
C:\WINDOWS\SYSTEM32\d3d11.dll
Image Base: 0x6d730000  Image Size: 0x00252000
File Size:  2417840     File Time:  2017-03-19_075854
Version:
   Company:    Microsoft Corporation
   Product:    Microsoft® Windows® Operating System
   FileDesc:   Direct3D 11 Runtime
   FileVer:    10.0.15063.0
   ProdVer:    10.0.15063.0

Module 18
C:\WINDOWS\SYSTEM32\IPHLPAPI.DLL
Image Base: 0x6f7a0000  Image Size: 0x0002f000
File Size:  187544      File Time:  2017-03-19_075846
Version:
   Company:    Microsoft Corporation
   Product:    Microsoft® Windows® Operating System
   FileDesc:   IP Helper API
   FileVer:    10.0.15063.0
   ProdVer:    10.0.15063.0

Module 19
C:\WINDOWS\SYSTEM32\dbghelp.dll
Image Base: 0x709b0000  Image Size: 0x0015d000
File Size:  1285120     File Time:  2017-07-11_164052
Version:
   Company:    Microsoft Corporation
   Product:    Microsoft® Windows® Operating System
   FileDesc:   Windows Image Helper
   FileVer:    10.0.15063.447
   ProdVer:    10.0.15063.447

Module 20
C:\WINDOWS\SYSTEM32\bcrypt.dll
Image Base: 0x70b50000  Image Size: 0x00018000
File Size:  93536       File Time:  2017-03-19_075848
Version:
   Company:    Microsoft Corporation
   Product:    Microsoft® Windows® Operating System
   FileDesc:   Windows Cryptographic Primitives Library
   FileVer:    10.0.15063.0
   ProdVer:    10.0.15063.0

Module 21
C:\WINDOWS\SYSTEM32\HID.DLL
Image Base: 0x70bb0000  Image Size: 0x0000a000
File Size:  25600       File Time:  2017-03-19_075850
Version:
   Company:    Microsoft Corporation
   Product:    Microsoft® Windows® Operating System
   FileDesc:   Hid User Library
   FileVer:    10.0.15063.0
   ProdVer:    10.0.15063.0

Module 22
C:\WINDOWS\SYSTEM32\OPENGL32.dll
Image Base: 0x70c10000  Image Size: 0x000df000
File Size:  776704      File Time:  2017-03-19_075852
Version:
   Company:    Microsoft Corporation
   Product:    Microsoft® Windows® Operating System
   FileDesc:   OpenGL Client DLL
   FileVer:    10.0.15063.0
   ProdVer:    10.0.15063.0

Module 23
C:\WINDOWS\SYSTEM32\GLU32.dll
Image Base: 0x70cf0000  Image Size: 0x00025000
File Size:  138240      File Time:  2017-03-19_075852
Version:
   Company:    Microsoft Corporation
   Product:    Microsoft® Windows® Operating System
   FileDesc:   OpenGL Utility Library DLL
   FileVer:    10.0.15063.0
   ProdVer:    10.0.15063.0

Module 24
C:\WINDOWS\system32\dwmapi.dll
Image Base: 0x70d20000  Image Size: 0x00023000
File Size:  125344      File Time:  2017-07-11_164052
Version:
   Company:    Microsoft Corporation
   Product:    Microsoft® Windows® Operating System
   FileDesc:   Microsoft Desktop Window Manager API
   FileVer:    10.0.15063.483
   ProdVer:    10.0.15063.483

Module 25
C:\WINDOWS\system32\uxtheme.dll
Image Base: 0x71880000  Image Size: 0x00078000
File Size:  474112      File Time:  2017-03-19_075858
Version:
   Company:    Microsoft Corporation
   Product:    Microsoft® Windows® Operating System
   FileDesc:   Microsoft UxTheme Library
   FileVer:    10.0.15063.0
   ProdVer:    10.0.15063.0

Module 26
C:\WINDOWS\SYSTEM32\WINMMBASE.dll
Image Base: 0x73720000  Image Size: 0x00023000
File Size:  129736      File Time:  2017-03-19_075846
Version:
   Company:    Microsoft Corporation
   Product:    Microsoft® Windows® Operating System
   FileDesc:   Base Multimedia Extension API DLL
   FileVer:    10.0.15063.0
   ProdVer:    10.0.15063.0

Module 27
C:\WINDOWS\SYSTEM32\WINMM.dll
Image Base: 0x73750000  Image Size: 0x00024000
File Size:  135440      File Time:  2017-03-19_075846
Version:
   Company:    Microsoft Corporation
   Product:    Microsoft® Windows® Operating System
   FileDesc:   MCI API DLL
   FileVer:    10.0.15063.0
   ProdVer:    10.0.15063.0

Module 28
C:\WINDOWS\SYSTEM32\VERSION.dll
Image Base: 0x739a0000  Image Size: 0x00008000
File Size:  27424       File Time:  2017-03-19_075900
Version:
   Company:    Microsoft Corporation
   Product:    Microsoft® Windows® Operating System
   FileDesc:   Version Checking and File Installation Libraries
   FileVer:    10.0.15063.0
   ProdVer:    10.0.15063.0

Module 29
C:\WINDOWS\System32\CRYPTBASE.dll
Image Base: 0x73a10000  Image Size: 0x0000a000
File Size:  31592       File Time:  2017-03-19_075846
Version:
   Company:    Microsoft Corporation
   Product:    Microsoft® Windows® Operating System
   FileDesc:   Base cryptographic API DLL
   FileVer:    10.0.15063.0
   ProdVer:    10.0.15063.0

Module 30
C:\WINDOWS\System32\SspiCli.dll
Image Base: 0x73a20000  Image Size: 0x00020000
File Size:  124544      File Time:  2017-09-30_130156
Version:
   Company:    Microsoft Corporation
   Product:    Microsoft® Windows® Operating System
   FileDesc:   Security Support Provider Interface
   FileVer:    10.0.15063.674
   ProdVer:    10.0.15063.674

Module 31
C:\WINDOWS\System32\OLEAUT32.dll
Image Base: 0x73a40000  Image Size: 0x00096000
File Size:  606072      File Time:  2017-09-30_131022
Version:
   Company:    Microsoft Corporation
   Product:    Microsoft® Windows® Operating System
   FileDesc:   OLEAUT32.DLL
   FileVer:    10.0.15063.674
   ProdVer:    10.0.15063.674

Module 32
C:\WINDOWS\System32\ole32.dll
Image Base: 0x73ae0000  Image Size: 0x000f3000
File Size:  988168      File Time:  2017-07-28_153558
Version:
   Company:    Microsoft Corporation
   Product:    Microsoft® Windows® Operating System
   FileDesc:   Microsoft OLE for Windows
   FileVer:    10.0.15063.502
   ProdVer:    10.0.15063.502

Module 33
C:\WINDOWS\System32\IMM32.dll
Image Base: 0x73d70000  Image Size: 0x00025000
File Size:  143672      File Time:  2017-03-19_075902
Version:
   Company:    Microsoft Corporation
   Product:    Microsoft® Windows® Operating System
   FileDesc:   Multi-User Windows IMM32 API Client DLL
   FileVer:    10.0.15063.0
   ProdVer:    10.0.15063.0

Module 34
C:\WINDOWS\System32\SHELL32.dll
Image Base: 0x73e00000  Image Size: 0x01348000
File Size:  20373408    File Time:  2017-09-30_130324
Version:
   Company:    Microsoft Corporation
   Product:    Microsoft® Windows® Operating System
   FileDesc:   Windows Shell Common Dll
   FileVer:    10.0.15063.674
   ProdVer:    10.0.15063.674

Module 35
C:\WINDOWS\System32\win32u.dll
Image Base: 0x751a0000  Image Size: 0x00016000
File Size:  81176       File Time:  2017-09-05_161250
Version:
   Company:    Microsoft Corporation
   Product:    Microsoft® Windows® Operating System
   FileDesc:   Win32u
   FileVer:    10.0.15063.608
   ProdVer:    10.0.15063.608

Module 36
C:\WINDOWS\System32\SHLWAPI.dll
Image Base: 0x751c0000  Image Size: 0x00045000
File Size:  277432      File Time:  2017-07-28_153534
Version:
   Company:    Microsoft Corporation
   Product:    Microsoft® Windows® Operating System
   FileDesc:   Shell Light-weight Utility Library
   FileVer:    10.0.15063.502
   ProdVer:    10.0.15063.502

Module 37
C:\WINDOWS\System32\msvcrt.dll
Image Base: 0x75210000  Image Size: 0x000bd000
File Size:  769608      File Time:  2017-03-19_075846
Version:
   Company:    Microsoft Corporation
   Product:    Microsoft® Windows® Operating System
   FileDesc:   Windows NT CRT DLL
   FileVer:    7.0.15063.0
   ProdVer:    10.0.15063.0

Module 38
C:\WINDOWS\System32\MSCTF.dll
Image Base: 0x752d0000  Image Size: 0x00146000
File Size:  1333136     File Time:  2017-09-30_132626
Version:
   Company:    Microsoft Corporation
   Product:    Microsoft® Windows® Operating System
   FileDesc:   MSCTF Server DLL
   FileVer:    10.0.15063.674
   ProdVer:    10.0.15063.674

Module 39
C:\WINDOWS\System32\ADVAPI32.dll
Image Base: 0x75420000  Image Size: 0x00077000
File Size:  480920      File Time:  2017-09-30_131036
Version:
   Company:    Microsoft Corporation
   Product:    Microsoft® Windows® Operating System
   FileDesc:   Advanced Windows 32 Base API
   FileVer:    10.0.15063.674
   ProdVer:    10.0.15063.674

Module 40
C:\WINDOWS\System32\ucrtbase.dll
Image Base: 0x754a0000  Image Size: 0x00118000
File Size:  1150776     File Time:  2017-09-30_131010
Version:
   Company:    Microsoft Corporation
   Product:    Microsoft® Windows® Operating System
   FileDesc:   Microsoft® C Runtime Library
   FileVer:    10.0.15063.674
   ProdVer:    10.0.15063.674

Module 41
C:\WINDOWS\System32\PSAPI.DLL
Image Base: 0x755c0000  Image Size: 0x00006000
File Size:  17112       File Time:  2017-03-19_075840
Version:
   Company:    Microsoft Corporation
   Product:    Microsoft® Windows® Operating System
   FileDesc:   Process Status Helper
   FileVer:    10.0.15063.0
   ProdVer:    10.0.15063.0

Module 42
C:\WINDOWS\System32\profapi.dll
Image Base: 0x755d0000  Image Size: 0x00010000
File Size:  59456       File Time:  2017-03-19_075846
Version:
   Company:    Microsoft Corporation
   Product:    Microsoft® Windows® Operating System
   FileDesc:   User Profile Basic API
   FileVer:    10.0.15063.0
   ProdVer:    10.0.15063.0

Module 43
C:\WINDOWS\System32\SETUPAPI.dll
Image Base: 0x755e0000  Image Size: 0x0041a000
File Size:  4330920     File Time:  2017-09-05_155018
Version:
   Company:    Microsoft Corporation
   Product:    Microsoft® Windows® Operating System
   FileDesc:   Windows Setup API
   FileVer:    10.0.15063.608
   ProdVer:    10.0.15063.608

Module 44
C:\WINDOWS\System32\NSI.dll
Image Base: 0x75a00000  Image Size: 0x00007000
File Size:  20216       File Time:  2017-03-19_075736
Version:
   Company:    Microsoft Corporation
   Product:    Microsoft® Windows® Operating System
   FileDesc:   NSI User-mode interface DLL
   FileVer:    10.0.15063.0
   ProdVer:    10.0.15063.0

Module 45
C:\WINDOWS\System32\KERNEL32.DLL
Image Base: 0x75b90000  Image Size: 0x000d0000
File Size:  599576      File Time:  2017-07-11_164104
Version:
   Company:    Microsoft Corporation
   Product:    Microsoft® Windows® Operating System
   FileDesc:   Windows NT BASE API Client DLL
   FileVer:    10.0.15063.296
   ProdVer:    10.0.15063.296

Module 46
C:\WINDOWS\System32\msvcp_win.dll
Image Base: 0x75c80000  Image Size: 0x00079000
File Size:  491232      File Time:  2017-03-19_075846
Version:
   Company:    Microsoft Corporation
   Product:    Microsoft® Windows® Operating System
   FileDesc:   Microsoft® C Runtime Library
   FileVer:    10.0.15063.0
   ProdVer:    10.0.15063.0

Module 47
C:\WINDOWS\System32\clbcatq.dll
Image Base: 0x75d00000  Image Size: 0x00083000
File Size:  521728      File Time:  2017-03-19_075842
Version:
   Company:    Microsoft Corporation
   Product:    Microsoft® Windows® Operating System
   FileDesc:   COM+ Configuration Catalog
   FileVer:    2001.12.10941.16384
   ProdVer:    10.0.15063.0

Module 48
C:\WINDOWS\System32\cfgmgr32.dll
Image Base: 0x75d90000  Image Size: 0x00039000
File Size:  226816      File Time:  2017-03-19_075850
Version:
   Company:    Microsoft Corporation
   Product:    Microsoft® Windows® Operating System
   FileDesc:   Configuration Manager DLL
   FileVer:    10.0.15063.0
   ProdVer:    10.0.15063.0

Module 49
C:\WINDOWS\System32\bcryptPrimitives.dll
Image Base: 0x75dd0000  Image Size: 0x00057000
File Size:  354360      File Time:  2017-07-11_164052
Version:
   Company:    Microsoft Corporation
   Product:    Microsoft® Windows® Operating System
   FileDesc:   Windows Cryptographic Primitives Library
   FileVer:    10.0.15063.138
   ProdVer:    10.0.15063.138

Module 50
C:\WINDOWS\System32\shcore.dll
Image Base: 0x75e90000  Image Size: 0x0008c000
File Size:  569264      File Time:  2017-09-05_154454
Version:
   Company:    Microsoft Corporation
   Product:    Microsoft® Windows® Operating System
   FileDesc:   SHCORE
   FileVer:    10.0.15063.608
   ProdVer:    10.0.15063.608

Module 51
C:\WINDOWS\System32\sechost.dll
Image Base: 0x75f20000  Image Size: 0x00041000
File Size:  257792      File Time:  2017-03-19_075846
Version:
   Company:    Microsoft Corporation
   Product:    Microsoft® Windows® Operating System
   FileDesc:   Host for SCM/SDDL/LSA Lookup APIs
   FileVer:    10.0.15063.0
   ProdVer:    10.0.15063.0

Module 52
C:\WINDOWS\System32\KERNELBASE.dll
Image Base: 0x75f70000  Image Size: 0x001c2000
File Size:  1839872     File Time:  2017-09-30_131016
Version:
   Company:    Microsoft Corporation
   Product:    Microsoft® Windows® Operating System
   FileDesc:   Windows NT BASE API Client DLL
   FileVer:    10.0.15063.674
   ProdVer:    10.0.15063.674

Module 53
C:\WINDOWS\System32\USER32.dll
Image Base: 0x76140000  Image Size: 0x0013c000
File Size:  1292872     File Time:  2017-09-30_132632
Version:
   Company:    Microsoft Corporation
   Product:    Microsoft® Windows® Operating System
   FileDesc:   Multi-User Windows USER API Client DLL
   FileVer:    10.0.15063.674
   ProdVer:    10.0.15063.674

Module 54
C:\WINDOWS\System32\WS2_32.dll
Image Base: 0x76280000  Image Size: 0x00067000
File Size:  415864      File Time:  2017-03-19_075846
Version:
   Company:    Microsoft Corporation
   Product:    Microsoft® Windows® Operating System
   FileDesc:   Windows Socket 2.0 32-Bit DLL
   FileVer:    10.0.15063.0
   ProdVer:    10.0.15063.0

Module 55
C:\WINDOWS\System32\GDI32.dll
Image Base: 0x762f0000  Image Size: 0x00021000
File Size:  129184      File Time:  2017-07-11_164118
Version:
   Company:    Microsoft Corporation
   Product:    Microsoft® Windows® Operating System
   FileDesc:   GDI Client DLL
   FileVer:    10.0.15063.483
   ProdVer:    10.0.15063.483

Module 56
C:\WINDOWS\System32\RPCRT4.dll
Image Base: 0x76500000  Image Size: 0x000c0000
File Size:  787712      File Time:  2017-09-30_130904
Version:
   Company:    Microsoft Corporation
   Product:    Microsoft® Windows® Operating System
   FileDesc:   Remote Procedure Call Runtime
   FileVer:    10.0.15063.674
   ProdVer:    10.0.15063.674

Module 57
C:\WINDOWS\System32\gdi32full.dll
Image Base: 0x765c0000  Image Size: 0x00158000
File Size:  1408536     File Time:  2017-09-30_132956
Version:
   Company:    Microsoft Corporation
   Product:    Microsoft® Windows® Operating System
   FileDesc:   GDI Client DLL
   FileVer:    10.0.15063.674
   ProdVer:    10.0.15063.674

Module 58
C:\WINDOWS\System32\windows.storage.dll
Image Base: 0x76720000  Image Size: 0x00587000
File Size:  5827744     File Time:  2017-09-30_130546
Version:
   Company:    Microsoft Corporation
   Product:    Microsoft® Windows® Operating System
   FileDesc:   Microsoft WinRT Storage API
   FileVer:    10.0.15063.674
   ProdVer:    10.0.15063.674

Module 59
C:\WINDOWS\System32\kernel.appcore.dll
Image Base: 0x76cb0000  Image Size: 0x0000e000
File Size:  47096       File Time:  2017-03-19_075848
Version:
   Company:    Microsoft Corporation
   Product:    Microsoft® Windows® Operating System
   FileDesc:   AppModel API Host
   FileVer:    10.0.15063.0
   ProdVer:    10.0.15063.0

Module 60
C:\WINDOWS\System32\powrprof.dll
Image Base: 0x76cc0000  Image Size: 0x00045000
File Size:  276400      File Time:  2017-03-19_075850
Version:
   Company:    Microsoft Corporation
   Product:    Microsoft® Windows® Operating System
   FileDesc:   Power Profile Helper DLL
   FileVer:    10.0.15063.0
   ProdVer:    10.0.15063.0

Module 61
C:\WINDOWS\System32\combase.dll
Image Base: 0x76d10000  Image Size: 0x00238000
File Size:  2330520     File Time:  2017-09-05_154232
Version:
   Company:    Microsoft Corporation
   Product:    Microsoft® Windows® Operating System
   FileDesc:   Microsoft COM for Windows
   FileVer:    10.0.15063.608
   ProdVer:    10.0.15063.608

Module 62
C:\WINDOWS\SYSTEM32\ntdll.dll
Image Base: 0x76f50000  Image Size: 0x0018e000
File Size:  1620880     File Time:  2017-09-05_155356
Version:
   Company:    Microsoft Corporation
   Product:    Microsoft® Windows® Operating System
   FileDesc:   NT Layer DLL
   FileVer:    10.0.15063.608
   ProdVer:    10.0.15063.608


== [end of error.log] ==
